<?xml version="1.0" encoding="UTF-8"?>
<testng-results skipped="0" failed="0" ignored="0" total="1" passed="1">
  <reporter-output>
  </reporter-output>
  <suite name="Suite" duration-ms="5613" started-at="2021-07-10T10:38:01 IST" finished-at="2021-07-10T10:38:07 IST">
    <groups>
    </groups>
    <test name="Test" duration-ms="5613" started-at="2021-07-10T10:38:01 IST" finished-at="2021-07-10T10:38:07 IST">
      <class name="selenium.NewTest">
        <test-method status="PASS" signature="f()[pri:0, instance:selenium.NewTest@13f2bb1]" name="f" duration-ms="5585" started-at="2021-07-10T10:38:01 IST" finished-at="2021-07-10T10:38:07 IST">
          <reporter-output>
          </reporter-output>
        </test-method> <!-- f -->
      </class> <!-- selenium.NewTest -->
    </test> <!-- Test -->
  </suite> <!-- Suite -->
</testng-results>
